app/build/outputs/logs/manifest-merger-debug-report.txt
-- Merging decision tree log ---
manifest
ADDED from src\main\AndroidManifest.xml:17:1-148:12
	package
		ADDED from src\main\AndroidManifest.xml:18:11-52
		INJECTED from src\main\AndroidManifest.xml
		INJECTED from src\main\AndroidManifest.xml
	android:versionName
		ADDED from src\main\AndroidManifest.xml:19:11-38
		INJECTED from src\main\AndroidManifest.xml
		INJECTED from src\main\AndroidManifest.xml
	android:versionCode
		ADDED from src\main\AndroidManifest.xml:20:11-36
		INJECTED from src\main\AndroidManifest.xml
		INJECTED from src\main\AndroidManifest.xml
	xmlns:android
		ADDED from src\main\AndroidManifest.xml:17:11-69
	android:installLocation
		ADDED from src\main\AndroidManifest.xml:21:11-41
uses-permission#android.permission.CAMERA
ADDED from src\main\AndroidManifest.xml:23:3-62
	android:name
		ADDED from src\main\AndroidManifest.xml:23:20-60
uses-permission#android.permission.INTERNET
ADDED from src\main\AndroidManifest.xml:24:3-64
	android:name
		ADDED from src\main\AndroidManifest.xml:24:20-62
uses-permission#android.permission.VIBRATE
ADDED from src\main\AndroidManifest.xml:25:3-63
	android:name
		ADDED from src\main\AndroidManifest.xml:25:20-61
uses-permission#android.permission.FLASHLIGHT
ADDED from src\main\AndroidManifest.xml:26:3-66
	android:name
		ADDED from src\main\AndroidManifest.xml:26:20-64
uses-permission#android.permission.READ_CONTACTS
ADDED from src\main\AndroidManifest.xml:27:3-69
	android:name
		ADDED from src\main\AndroidManifest.xml:27:20-67
uses-permission#com.android.browser.permission.READ_HISTORY_BOOKMARKS
ADDED from src\main\AndroidManifest.xml:29:3-90
	android:name
		ADDED from src\main\AndroidManifest.xml:29:20-88
uses-permission#android.permission.WRITE_EXTERNAL_STORAGE
ADDED from src\main\AndroidManifest.xml:30:3-78
	android:name
		ADDED from src\main\AndroidManifest.xml:30:20-76
uses-permission#android.permission.CHANGE_WIFI_STATE
ADDED from src\main\AndroidManifest.xml:31:3-73
	android:name
		ADDED from src\main\AndroidManifest.xml:31:20-71
uses-permission#android.permission.ACCESS_WIFI_STATE
ADDED from src\main\AndroidManifest.xml:32:3-73
	android:name
		ADDED from src\main\AndroidManifest.xml:32:20-71
uses-sdk
ADDED from src\main\AndroidManifest.xml:34:3-71
MERGED from [com.rmtheis:tess-two:6.0.4] AndroidManifest.xml:22:5-24:41
MERGED from [com.android.support:appcompat-v7:23.2.0] AndroidManifest.xml:21:5-23:78
MERGED from [com.android.support:support-v4:23.2.0] AndroidManifest.xml:20:5-43
MERGED from [com.android.support:animated-vector-drawable:23.2.0] AndroidManifest.xml:5:5-44
MERGED from [com.android.support:support-vector-drawable:23.2.0] AndroidManifest.xml:5:5-43
	tools:overrideLibrary
		ADDED from [com.android.support:appcompat-v7:23.2.0] AndroidManifest.xml:23:9-75
	android:targetSdkVersion
		ADDED from src\main\AndroidManifest.xml:34:40-69
		INJECTED from src\main\AndroidManifest.xml
		INJECTED from src\main\AndroidManifest.xml
	android:minSdkVersion
		ADDED from src\main\AndroidManifest.xml:34:13-39
		INJECTED from src\main\AndroidManifest.xml
		INJECTED from src\main\AndroidManifest.xml
uses-feature#android.hardware.camera.any
ADDED from src\main\AndroidManifest.xml:36:3-61
	android:name
		ADDED from src\main\AndroidManifest.xml:36:17-59
uses-feature#android.hardware.camera.autofocus
ADDED from src\main\AndroidManifest.xml:37:3-92
	android:required
		ADDED from src\main\AndroidManifest.xml:37:66-90
	android:name
		ADDED from src\main\AndroidManifest.xml:37:17-65
uses-feature#android.hardware.camera.flash
ADDED from src\main\AndroidManifest.xml:38:3-88
	android:required
		ADDED from src\main\AndroidManifest.xml:38:62-86
	android:name
		ADDED from src\main\AndroidManifest.xml:38:17-61
uses-feature#android.hardware.screen.landscape
ADDED from src\main\AndroidManifest.xml:39:3-67
	android:name
		ADDED from src\main\AndroidManifest.xml:39:17-65
uses-feature#android.hardware.wifi
ADDED from src\main\AndroidManifest.xml:40:3-80
	android:required
		ADDED from src\main\AndroidManifest.xml:40:54-78
	android:name
		ADDED from src\main\AndroidManifest.xml:40:17-53
application
ADDED from src\main\AndroidManifest.xml:42:3-146:17
MERGED from [com.android.support:appcompat-v7:23.2.0] AndroidManifest.xml:25:5-20
MERGED from [com.android.support:support-v4:23.2.0] AndroidManifest.xml:22:5-20
MERGED from [com.android.support:animated-vector-drawable:23.2.0] AndroidManifest.xml:7:5-20
MERGED from [com.android.support:support-vector-drawable:23.2.0] AndroidManifest.xml:7:5-20
	android:label
		ADDED from src\main\AndroidManifest.xml:44:16-48
	android:allowBackup
		ADDED from src\main\AndroidManifest.xml:46:16-42
	android:icon
		ADDED from src\main\AndroidManifest.xml:42:16-54
	android:theme
		ADDED from src\main\AndroidManifest.xml:45:16-47
	android:logo
		ADDED from src\main\AndroidManifest.xml:43:16-54
activity#com.google.zxing.client.android.CaptureActivity
ADDED from src\main\AndroidManifest.xml:47:5-85:16
	android:clearTaskOnLaunch
		ADDED from src\main\AndroidManifest.xml:49:15-47
	android:screenOrientation
		ADDED from src\main\AndroidManifest.xml:48:15-58
	android:stateNotNeeded
		ADDED from src\main\AndroidManifest.xml:50:15-44
	android:windowSoftInputMode
		ADDED from src\main\AndroidManifest.xml:51:15-62
	android:name
		ADDED from src\main\AndroidManifest.xml:47:15-46
intent-filter#android.intent.category.DEFAULT+com.google.zxing.client.android.SCAN
ADDED from src\main\AndroidManifest.xml:53:7-56:23
action#com.google.zxing.client.android.SCAN
ADDED from src\main\AndroidManifest.xml:54:9-70
	android:name
		ADDED from src\main\AndroidManifest.xml:54:17-68
category#android.intent.category.DEFAULT
ADDED from src\main\AndroidManifest.xml:55:9-67
	android:name
		ADDED from src\main\AndroidManifest.xml:55:19-65
intent-filter#android.intent.action.VIEW+android.intent.category.BROWSABLE+android.intent.category.DEFAULT
ADDED from src\main\AndroidManifest.xml:58:7-63:23
action#android.intent.action.VIEW
ADDED from src\main\AndroidManifest.xml:59:9-60
	android:name
		ADDED from src\main\AndroidManifest.xml:59:17-58
category#android.intent.category.BROWSABLE
ADDED from src\main\AndroidManifest.xml:61:9-69
	android:name
		ADDED from src\main\AndroidManifest.xml:61:19-67
data
ADDED from src\main\AndroidManifest.xml:62:9-92
	android:path
		ADDED from src\main\AndroidManifest.xml:62:70-90
	android:host
		ADDED from src\main\AndroidManifest.xml:62:37-69
	android:scheme
		ADDED from src\main\AndroidManifest.xml:62:15-36
activity#com.google.zxing.client.android.PreferencesActivity
ADDED from src\main\AndroidManifest.xml:86:5-88:46
	android:label
		ADDED from src\main\AndroidManifest.xml:87:15-55
	android:stateNotNeeded
		ADDED from src\main\AndroidManifest.xml:88:15-44
	android:name
		ADDED from src\main\AndroidManifest.xml:86:15-50
activity#com.google.zxing.client.android.encode.EncodeActivity
ADDED from src\main\AndroidManifest.xml:89:5-107:16
	android:stateNotNeeded
		ADDED from src\main\AndroidManifest.xml:90:15-44
	android:name
		ADDED from src\main\AndroidManifest.xml:89:15-52
intent-filter#android.intent.category.DEFAULT+com.google.zxing.client.android.ENCODE
ADDED from src\main\AndroidManifest.xml:91:7-94:23
action#com.google.zxing.client.android.ENCODE
ADDED from src\main\AndroidManifest.xml:92:9-72
	android:name
		ADDED from src\main\AndroidManifest.xml:92:17-70
intent-filter#android.intent.action.SEND+android.intent.category.DEFAULT
ADDED from src\main\AndroidManifest.xml:96:7-100:23
action#android.intent.action.SEND
ADDED from src\main\AndroidManifest.xml:97:9-60
	android:name
		ADDED from src\main\AndroidManifest.xml:97:17-58
activity#com.google.zxing.client.android.book.SearchBookContentsActivity
ADDED from src\main\AndroidManifest.xml:108:5-116:16
	android:screenOrientation
		ADDED from src\main\AndroidManifest.xml:111:15-58
	android:label
		ADDED from src\main\AndroidManifest.xml:109:15-47
	android:stateNotNeeded
		ADDED from src\main\AndroidManifest.xml:110:15-44
	android:name
		ADDED from src\main\AndroidManifest.xml:108:15-62
intent-filter#android.intent.category.DEFAULT+com.google.zxing.client.android.SEARCH_BOOK_CONTENTS
ADDED from src\main\AndroidManifest.xml:112:7-115:23
action#com.google.zxing.client.android.SEARCH_BOOK_CONTENTS
ADDED from src\main\AndroidManifest.xml:113:9-86
	android:name
		ADDED from src\main\AndroidManifest.xml:113:17-84
activity#com.google.zxing.client.android.share.ShareActivity
ADDED from src\main\AndroidManifest.xml:117:5-124:16
	android:screenOrientation
		ADDED from src\main\AndroidManifest.xml:119:15-47
	android:stateNotNeeded
		ADDED from src\main\AndroidManifest.xml:118:15-44
	android:name
		ADDED from src\main\AndroidManifest.xml:117:15-50
intent-filter#android.intent.category.DEFAULT+com.google.zxing.client.android.SHARE
ADDED from src\main\AndroidManifest.xml:120:7-123:23
action#com.google.zxing.client.android.SHARE
ADDED from src\main\AndroidManifest.xml:121:9-71
	android:name
		ADDED from src\main\AndroidManifest.xml:121:17-69
activity#com.google.zxing.client.android.history.HistoryActivity
ADDED from src\main\AndroidManifest.xml:125:5-127:46
	android:label
		ADDED from src\main\AndroidManifest.xml:126:15-52
	android:stateNotNeeded
		ADDED from src\main\AndroidManifest.xml:127:15-44
	android:name
		ADDED from src\main\AndroidManifest.xml:125:15-54
activity#com.google.zxing.client.android.share.BookmarkPickerActivity
ADDED from src\main\AndroidManifest.xml:128:5-130:46
	android:label
		ADDED from src\main\AndroidManifest.xml:129:15-59
	android:stateNotNeeded
		ADDED from src\main\AndroidManifest.xml:130:15-44
	android:name
		ADDED from src\main\AndroidManifest.xml:128:15-59
activity#com.google.zxing.client.android.share.AppPickerActivity
ADDED from src\main\AndroidManifest.xml:131:5-133:46
	android:label
		ADDED from src\main\AndroidManifest.xml:132:15-54
	android:stateNotNeeded
		ADDED from src\main\AndroidManifest.xml:133:15-44
	android:name
		ADDED from src\main\AndroidManifest.xml:131:15-54
activity#com.google.zxing.client.android.HelpActivity
ADDED from src\main\AndroidManifest.xml:134:5-137:46
	android:screenOrientation
		ADDED from src\main\AndroidManifest.xml:136:15-47
	android:label
		ADDED from src\main\AndroidManifest.xml:135:15-48
	android:stateNotNeeded
		ADDED from src\main\AndroidManifest.xml:137:15-44
	android:name
		ADDED from src\main\AndroidManifest.xml:134:15-43
activity#eco.MainActivity
ADDED from src\main\AndroidManifest.xml:138:5-145:20
	android:label
		ADDED from src\main\AndroidManifest.xml:139:9-46
	android:stateNotNeeded
		ADDED from src\main\AndroidManifest.xml:140:9-38
	android:name
		ADDED from src\main\AndroidManifest.xml:138:15-46
intent-filter#android.intent.action.MAIN+android.intent.category.LAUNCHER
ADDED from src\main\AndroidManifest.xml:141:7-144:23
action#android.intent.action.MAIN
ADDED from src\main\AndroidManifest.xml:142:9-60
	android:name
		ADDED from src\main\AndroidManifest.xml:142:17-58
category#android.intent.category.LAUNCHER
ADDED from src\main\AndroidManifest.xml:143:9-68
	android:name
		ADDED from src\main\AndroidManifest.xml:143:19-66